# JRE version: Java(TM) SE Runtime Environment (8.0_65-b17) (build 1.8.0_65-b17)
# Java VM: Java HotSpot(TM) 64-Bit Server VM (25.65-b01 mixed mode windows-amd64 compressed oops)
Heap:
 PSYoungGen      total 275968K, used 241840K [0x00000000eab00000, 0x00000000fc900000, 0x0000000100000000)
  eden space 260096K, 92% used [0x00000000eab00000,0x00000000f972c158,0x00000000fa900000)
  from space 15872K, 0% used [0x00000000fb980000,0x00000000fb980000,0x00000000fc900000)
  to   space 16384K, 0% used [0x00000000fa900000,0x00000000fa900000,0x00000000fb900000)
 ParOldGen       total 73728K, used 46882K [0x00000000c0000000, 0x00000000c4800000, 0x00000000eab00000)
  object space 73728K, 63% used [0x00000000c0000000,0x00000000c2dc88f0,0x00000000c4800000)
 Metaspace       used 60982K, capacity 66382K, committed 66688K, reserved 1107968K
  class space    used 7890K, capacity 8497K, committed 8576K, reserved 1048576K
GC Heap History (10 events):
Event: 16592.522 GC heap before
{Heap before GC invocations=82 (full 22):
 PSYoungGen      total 269824K, used 222972K [0x00000000eab00000, 0x00000000fc600000, 0x0000000100000000)
  eden space 252928K, 88% used [0x00000000eab00000,0x00000000f84bf1d0,0x00000000fa200000)
  from space 16896K, 0% used [0x00000000fa200000,0x00000000fa200000,0x00000000fb280000)
  to   space 16384K, 0% used [0x00000000fb600000,0x00000000fb600000,0x00000000fc600000)
 ParOldGen       total 73728K, used 47089K [0x00000000c0000000, 0x00000000c4800000, 0x00000000eab00000)
  object space 73728K, 63% used [0x00000000c0000000,0x00000000c2dfc588,0x00000000c4800000)
 Metaspace       used 59974K, capacity 65202K, committed 65920K, reserved 1105920K
  class space    used 7759K, capacity 8375K, committed 8576K, reserved 1048576K
Event: 16592.527 GC heap after
Heap after GC invocations=82 (full 22):
 PSYoungGen      total 271360K, used 2263K [0x00000000eab00000, 0x00000000fc400000, 0x0000000100000000)
  eden space 257024K, 0% used [0x00000000eab00000,0x00000000eab00000,0x00000000fa600000)
  from space 14336K, 15% used [0x00000000fb600000,0x00000000fb835e40,0x00000000fc400000)
  to   space 15360K, 0% used [0x00000000fa600000,0x00000000fa600000,0x00000000fb500000)
 ParOldGen       total 73728K, used 47097K [0x00000000c0000000, 0x00000000c4800000, 0x00000000eab00000)
  object space 73728K, 63% used [0x00000000c0000000,0x00000000c2dfe588,0x00000000c4800000)
 Metaspace       used 59974K, capacity 65202K, committed 65920K, reserved 1105920K
  class space    used 7759K, capacity 8375K, committed 8576K, reserved 1048576K
}
Event: 16592.527 GC heap before
{Heap before GC invocations=83 (full 23):
 PSYoungGen      total 271360K, used 2263K [0x00000000eab00000, 0x00000000fc400000, 0x0000000100000000)
  eden space 257024K, 0% used [0x00000000eab00000,0x00000000eab00000,0x00000000fa600000)
  from space 14336K, 15% used [0x00000000fb600000,0x00000000fb835e40,0x00000000fc400000)
  to   space 15360K, 0% used [0x00000000fa600000,0x00000000fa600000,0x00000000fb500000)
 ParOldGen       total 73728K, used 47097K [0x00000000c0000000, 0x00000000c4800000, 0x00000000eab00000)
  object space 73728K, 63% used [0x00000000c0000000,0x00000000c2dfe588,0x00000000c4800000)
 Metaspace       used 59974K, capacity 65202K, committed 65920K, reserved 1105920K
  class space    used 7759K, capacity 8375K, committed 8576K, reserved 1048576K
Event: 16592.772 GC heap after
Heap after GC invocations=83 (full 23):
 PSYoungGen      total 271360K, used 0K [0x00000000eab00000, 0x00000000fc400000, 0x0000000100000000)
  eden space 257024K, 0% used [0x00000000eab00000,0x00000000eab00000,0x00000000fa600000)
  from space 14336K, 0% used [0x00000000fb600000,0x00000000fb600000,0x00000000fc400000)
  to   space 15360K, 0% used [0x00000000fa600000,0x00000000fa600000,0x00000000fb500000)
 ParOldGen       total 73728K, used 47770K [0x00000000c0000000, 0x00000000c4800000, 0x00000000eab00000)
  object space 73728K, 64% used [0x00000000c0000000,0x00000000c2ea6828,0x00000000c4800000)
 Metaspace       used 59955K, capacity 65180K, committed 65920K, reserved 1105920K
  class space    used 7753K, capacity 8369K, committed 8576K, reserved 1048576K
}
Event: 16712.783 GC heap before
{Heap before GC invocations=84 (full 23):
 PSYoungGen      total 271360K, used 257024K [0x00000000eab00000, 0x00000000fc400000, 0x0000000100000000)
  eden space 257024K, 100% used [0x00000000eab00000,0x00000000fa600000,0x00000000fa600000)
  from space 14336K, 0% used [0x00000000fb600000,0x00000000fb600000,0x00000000fc400000)
  to   space 15360K, 0% used [0x00000000fa600000,0x00000000fa600000,0x00000000fb500000)
 ParOldGen       total 73728K, used 47770K [0x00000000c0000000, 0x00000000c4800000, 0x00000000eab00000)
  object space 73728K, 64% used [0x00000000c0000000,0x00000000c2ea6828,0x00000000c4800000)
 Metaspace       used 60167K, capacity 65530K, committed 66176K, reserved 1107968K
  class space    used 7778K, capacity 8394K, committed 8576K, reserved 1048576K
Event: 16713.029 GC heap after
Heap after GC invocations=84 (full 23):
 PSYoungGen      total 272384K, used 10933K [0x00000000eab00000, 0x00000000fca00000, 0x0000000100000000)
  eden space 257024K, 0% used [0x00000000eab00000,0x00000000eab00000,0x00000000fa600000)
  from space 15360K, 71% used [0x00000000fa600000,0x00000000fb0ad6b8,0x00000000fb500000)
  to   space 16896K, 0% used [0x00000000fb980000,0x00000000fb980000,0x00000000fca00000)
 ParOldGen       total 73728K, used 47778K [0x00000000c0000000, 0x00000000c4800000, 0x00000000eab00000)
  object space 73728K, 64% used [0x00000000c0000000,0x00000000c2ea8828,0x00000000c4800000)
 Metaspace       used 60167K, capacity 65530K, committed 66176K, reserved 1107968K
  class space    used 7778K, capacity 8394K, committed 8576K, reserved 1048576K
}
Event: 16726.809 GC heap before
{Heap before GC invocations=85 (full 23):
 PSYoungGen      total 272384K, used 98329K [0x00000000eab00000, 0x00000000fca00000, 0x0000000100000000)
  eden space 257024K, 34% used [0x00000000eab00000,0x00000000f0058e18,0x00000000fa600000)
  from space 15360K, 71% used [0x00000000fa600000,0x00000000fb0ad6b8,0x00000000fb500000)
  to   space 16896K, 0% used [0x00000000fb980000,0x00000000fb980000,0x00000000fca00000)
 ParOldGen       total 73728K, used 47778K [0x00000000c0000000, 0x00000000c4800000, 0x00000000eab00000)
  object space 73728K, 64% used [0x00000000c0000000,0x00000000c2ea8828,0x00000000c4800000)
 Metaspace       used 60238K, capacity 65606K, committed 66176K, reserved 1107968K
  class space    used 7779K, capacity 8396K, committed 8576K, reserved 1048576K
Event: 16726.812 GC heap after
Heap after GC invocations=85 (full 23):
 PSYoungGen      total 275968K, used 1152K [0x00000000eab00000, 0x00000000fc900000, 0x0000000100000000)
  eden space 260096K, 0% used [0x00000000eab00000,0x00000000eab00000,0x00000000fa900000)
  from space 15872K, 7% used [0x00000000fb980000,0x00000000fbaa0020,0x00000000fc900000)
  to   space 16384K, 0% used [0x00000000fa900000,0x00000000fa900000,0x00000000fb900000)
 ParOldGen       total 73728K, used 47778K [0x00000000c0000000, 0x00000000c4800000, 0x00000000eab00000)
  object space 73728K, 64% used [0x00000000c0000000,0x00000000c2ea8828,0x00000000c4800000)
 Metaspace       used 60238K, capacity 65606K, committed 66176K, reserved 1107968K
  class space    used 7779K, capacity 8396K, committed 8576K, reserved 1048576K
}
Event: 16726.812 GC heap before
{Heap before GC invocations=86 (full 24):
 PSYoungGen      total 275968K, used 1152K [0x00000000eab00000, 0x00000000fc900000, 0x0000000100000000)
  eden space 260096K, 0% used [0x00000000eab00000,0x00000000eab00000,0x00000000fa900000)
  from space 15872K, 7% used [0x00000000fb980000,0x00000000fbaa0020,0x00000000fc900000)
  to   space 16384K, 0% used [0x00000000fa900000,0x00000000fa900000,0x00000000fb900000)
 ParOldGen       total 73728K, used 47778K [0x00000000c0000000, 0x00000000c4800000, 0x00000000eab00000)
  object space 73728K, 64% used [0x00000000c0000000,0x00000000c2ea8828,0x00000000c4800000)
 Metaspace       used 60238K, capacity 65606K, committed 66176K, reserved 1107968K
  class space    used 7779K, capacity 8396K, committed 8576K, reserved 1048576K
Event: 16727.023 GC heap after
Heap after GC invocations=86 (full 24):
 PSYoungGen      total 275968K, used 0K [0x00000000eab00000, 0x00000000fc900000, 0x0000000100000000)
  eden space 260096K, 0% used [0x00000000eab00000,0x00000000eab00000,0x00000000fa900000)
  from space 15872K, 0% used [0x00000000fb980000,0x00000000fb980000,0x00000000fc900000)
  to   space 16384K, 0% used [0x00000000fa900000,0x00000000fa900000,0x00000000fb900000)
 ParOldGen       total 73728K, used 46882K [0x00000000c0000000, 0x00000000c4800000, 0x00000000eab00000)
  object space 73728K, 63% used [0x00000000c0000000,0x00000000c2dc88f0,0x00000000c4800000)
 Metaspace       used 60201K, capacity 65562K, committed 66176K, reserved 1107968K
  class space    used 7767K, capacity 8384K, committed 8576K, reserved 1048576K
}

