# JRE version: Java(TM) SE Runtime Environment (8.0_65-b17) (build 1.8.0_65-b17)
# Java VM: Java HotSpot(TM) 64-Bit Server VM (25.65-b01 mixed mode windows-amd64 compressed oops)
Heap:
 PSYoungGen      total 17408K, used 992K [0x00000000eab00000, 0x00000000ec100000, 0x0000000100000000)
  eden space 12288K, 0% used [0x00000000eab00000,0x00000000eab00000,0x00000000eb700000)
  from space 5120K, 19% used [0x00000000ebc00000,0x00000000ebcf8000,0x00000000ec100000)
  to   space 5120K, 0% used [0x00000000eb700000,0x00000000eb700000,0x00000000ebc00000)
 ParOldGen       total 26624K, used 6995K [0x00000000c0000000, 0x00000000c1a00000, 0x00000000eab00000)
  object space 26624K, 26% used [0x00000000c0000000,0x00000000c06d4f68,0x00000000c1a00000)
 Metaspace       used 16557K, capacity 16926K, committed 17024K, reserved 1069056K
  class space    used 2224K, capacity 2361K, committed 2432K, reserved 1048576K
GC Heap History (10 events):
Event: 10.184 GC heap before
{Heap before GC invocations=4 (full 0):
 PSYoungGen      total 14336K, used 14320K [0x00000000eab00000, 0x00000000ebb00000, 0x0000000100000000)
  eden space 12288K, 100% used [0x00000000eab00000,0x00000000eb700000,0x00000000eb700000)
  from space 2048K, 99% used [0x00000000eb700000,0x00000000eb8fc010,0x00000000eb900000)
  to   space 2048K, 0% used [0x00000000eb900000,0x00000000eb900000,0x00000000ebb00000)
 ParOldGen       total 32768K, used 1711K [0x00000000c0000000, 0x00000000c2000000, 0x00000000eab00000)
  object space 32768K, 5% used [0x00000000c0000000,0x00000000c01abe90,0x00000000c2000000)
 Metaspace       used 11071K, capacity 11422K, committed 11648K, reserved 1058816K
  class space    used 1477K, capacity 1593K, committed 1664K, reserved 1048576K
Event: 10.194 GC heap after
Heap after GC invocations=4 (full 0):
 PSYoungGen      total 14336K, used 2032K [0x00000000eab00000, 0x00000000ebb00000, 0x0000000100000000)
  eden space 12288K, 0% used [0x00000000eab00000,0x00000000eab00000,0x00000000eb700000)
  from space 2048K, 99% used [0x00000000eb900000,0x00000000ebafc010,0x00000000ebb00000)
  to   space 2048K, 0% used [0x00000000eb700000,0x00000000eb700000,0x00000000eb900000)
 ParOldGen       total 32768K, used 3445K [0x00000000c0000000, 0x00000000c2000000, 0x00000000eab00000)
  object space 32768K, 10% used [0x00000000c0000000,0x00000000c035d430,0x00000000c2000000)
 Metaspace       used 11071K, capacity 11422K, committed 11648K, reserved 1058816K
  class space    used 1477K, capacity 1593K, committed 1664K, reserved 1048576K
}
Event: 10.907 GC heap before
{Heap before GC invocations=5 (full 0):
 PSYoungGen      total 14336K, used 14320K [0x00000000eab00000, 0x00000000ebb00000, 0x0000000100000000)
  eden space 12288K, 100% used [0x00000000eab00000,0x00000000eb700000,0x00000000eb700000)
  from space 2048K, 99% used [0x00000000eb900000,0x00000000ebafc010,0x00000000ebb00000)
  to   space 2048K, 0% used [0x00000000eb700000,0x00000000eb700000,0x00000000eb900000)
 ParOldGen       total 32768K, used 3445K [0x00000000c0000000, 0x00000000c2000000, 0x00000000eab00000)
  object space 32768K, 10% used [0x00000000c0000000,0x00000000c035d430,0x00000000c2000000)
 Metaspace       used 12617K, capacity 12958K, committed 13184K, reserved 1060864K
  class space    used 1722K, capacity 1849K, committed 1920K, reserved 1048576K
Event: 10.916 GC heap after
Heap after GC invocations=5 (full 0):
 PSYoungGen      total 14336K, used 2032K [0x00000000eab00000, 0x00000000ec100000, 0x0000000100000000)
  eden space 12288K, 0% used [0x00000000eab00000,0x00000000eab00000,0x00000000eb700000)
  from space 2048K, 99% used [0x00000000eb700000,0x00000000eb8fc030,0x00000000eb900000)
  to   space 5120K, 0% used [0x00000000ebc00000,0x00000000ebc00000,0x00000000ec100000)
 ParOldGen       total 32768K, used 5324K [0x00000000c0000000, 0x00000000c2000000, 0x00000000eab00000)
  object space 32768K, 16% used [0x00000000c0000000,0x00000000c05330a8,0x00000000c2000000)
 Metaspace       used 12617K, capacity 12958K, committed 13184K, reserved 1060864K
  class space    used 1722K, capacity 1849K, committed 1920K, reserved 1048576K
}
Event: 13.056 GC heap before
{Heap before GC invocations=6 (full 0):
 PSYoungGen      total 14336K, used 7103K [0x00000000eab00000, 0x00000000ec100000, 0x0000000100000000)
  eden space 12288K, 41% used [0x00000000eab00000,0x00000000eaff3ef8,0x00000000eb700000)
  from space 2048K, 99% used [0x00000000eb700000,0x00000000eb8fc030,0x00000000eb900000)
  to   space 5120K, 0% used [0x00000000ebc00000,0x00000000ebc00000,0x00000000ec100000)
 ParOldGen       total 32768K, used 5324K [0x00000000c0000000, 0x00000000c2000000, 0x00000000eab00000)
  object space 32768K, 16% used [0x00000000c0000000,0x00000000c05330a8,0x00000000c2000000)
 Metaspace       used 14800K, capacity 15070K, committed 15104K, reserved 1067008K
  class space    used 1940K, capacity 2041K, committed 2048K, reserved 1048576K
Event: 13.075 GC heap after
Heap after GC invocations=6 (full 0):
 PSYoungGen      total 17408K, used 3474K [0x00000000eab00000, 0x00000000ec100000, 0x0000000100000000)
  eden space 12288K, 0% used [0x00000000eab00000,0x00000000eab00000,0x00000000eb700000)
  from space 5120K, 67% used [0x00000000ebc00000,0x00000000ebf64968,0x00000000ec100000)
  to   space 5120K, 0% used [0x00000000eb700000,0x00000000eb700000,0x00000000ebc00000)
 ParOldGen       total 32768K, used 5324K [0x00000000c0000000, 0x00000000c2000000, 0x00000000eab00000)
  object space 32768K, 16% used [0x00000000c0000000,0x00000000c05330a8,0x00000000c2000000)
 Metaspace       used 14800K, capacity 15070K, committed 15104K, reserved 1067008K
  class space    used 1940K, capacity 2041K, committed 2048K, reserved 1048576K
}
Event: 13.075 GC heap before
{Heap before GC invocations=7 (full 1):
 PSYoungGen      total 17408K, used 3474K [0x00000000eab00000, 0x00000000ec100000, 0x0000000100000000)
  eden space 12288K, 0% used [0x00000000eab00000,0x00000000eab00000,0x00000000eb700000)
  from space 5120K, 67% used [0x00000000ebc00000,0x00000000ebf64968,0x00000000ec100000)
  to   space 5120K, 0% used [0x00000000eb700000,0x00000000eb700000,0x00000000ebc00000)
 ParOldGen       total 32768K, used 5324K [0x00000000c0000000, 0x00000000c2000000, 0x00000000eab00000)
  object space 32768K, 16% used [0x00000000c0000000,0x00000000c05330a8,0x00000000c2000000)
 Metaspace       used 14800K, capacity 15070K, committed 15104K, reserved 1067008K
  class space    used 1940K, capacity 2041K, committed 2048K, reserved 1048576K
Event: 13.127 GC heap after
Heap after GC invocations=7 (full 1):
 PSYoungGen      total 17408K, used 0K [0x00000000eab00000, 0x00000000ec100000, 0x0000000100000000)
  eden space 12288K, 0% used [0x00000000eab00000,0x00000000eab00000,0x00000000eb700000)
  from space 5120K, 0% used [0x00000000ebc00000,0x00000000ebc00000,0x00000000ec100000)
  to   space 5120K, 0% used [0x00000000eb700000,0x00000000eb700000,0x00000000ebc00000)
 ParOldGen       total 26624K, used 6987K [0x00000000c0000000, 0x00000000c1a00000, 0x00000000eab00000)
  object space 26624K, 26% used [0x00000000c0000000,0x00000000c06d2f68,0x00000000c1a00000)
 Metaspace       used 14800K, capacity 15070K, committed 15104K, reserved 1064960K
  class space    used 1940K, capacity 2041K, committed 2048K, reserved 1048576K
}
Event: 13.927 GC heap before
{Heap before GC invocations=8 (full 1):
 PSYoungGen      total 17408K, used 12288K [0x00000000eab00000, 0x00000000ec100000, 0x0000000100000000)
  eden space 12288K, 100% used [0x00000000eab00000,0x00000000eb700000,0x00000000eb700000)
  from space 5120K, 0% used [0x00000000ebc00000,0x00000000ebc00000,0x00000000ec100000)
  to   space 5120K, 0% used [0x00000000eb700000,0x00000000eb700000,0x00000000ebc00000)
 ParOldGen       total 26624K, used 6987K [0x00000000c0000000, 0x00000000c1a00000, 0x00000000eab00000)
  object space 26624K, 26% used [0x00000000c0000000,0x00000000c06d2f68,0x00000000c1a00000)
 Metaspace       used 16518K, capacity 16894K, committed 17024K, reserved 1064960K
  class space    used 2217K, capacity 2329K, committed 2432K, reserved 1048576K
Event: 13.931 GC heap after
Heap after GC invocations=8 (full 1):
 PSYoungGen      total 17408K, used 2122K [0x00000000eab00000, 0x00000000ec100000, 0x0000000100000000)
  eden space 12288K, 0% used [0x00000000eab00000,0x00000000eab00000,0x00000000eb700000)
  from space 5120K, 41% used [0x00000000eb700000,0x00000000eb912ba0,0x00000000ebc00000)
  to   space 5120K, 0% used [0x00000000ebc00000,0x00000000ebc00000,0x00000000ec100000)
 ParOldGen       total 26624K, used 6995K [0x00000000c0000000, 0x00000000c1a00000, 0x00000000eab00000)
  object space 26624K, 26% used [0x00000000c0000000,0x00000000c06d4f68,0x00000000c1a00000)
 Metaspace       used 16518K, capacity 16894K, committed 17024K, reserved 1064960K
  class space    used 2217K, capacity 2329K, committed 2432K, reserved 1048576K
}

