# JRE version: Java(TM) SE Runtime Environment (8.0_65-b17) (build 1.8.0_65-b17)
# Java VM: Java HotSpot(TM) 64-Bit Server VM (25.65-b01 mixed mode windows-amd64 compressed oops)
Heap:
 PSYoungGen      total 324608K, used 31274K [0x00000000eab00000, 0x0000000100000000, 0x0000000100000000)
  eden space 300032K, 2% used [0x00000000eab00000,0x00000000eb18f5e0,0x00000000fd000000)
  from space 24576K, 99% used [0x00000000fd000000,0x00000000fe7fb378,0x00000000fe800000)
  to   space 24576K, 0% used [0x00000000fe800000,0x00000000fe800000,0x0000000100000000)
 ParOldGen       total 87552K, used 57747K [0x00000000c0000000, 0x00000000c5580000, 0x00000000eab00000)
  object space 87552K, 65% used [0x00000000c0000000,0x00000000c3864c88,0x00000000c5580000)
 Metaspace       used 58542K, capacity 61834K, committed 62720K, reserved 1103872K
  class space    used 7628K, capacity 8237K, committed 8448K, reserved 1048576K
GC Heap History (10 events):
Event: 3554.715 GC heap before
{Heap before GC invocations=29 (full 9):
 PSYoungGen      total 320000K, used 7248K [0x00000000eab00000, 0x0000000100000000, 0x0000000100000000)
  eden space 297984K, 0% used [0x00000000eab00000,0x00000000eab00000,0x00000000fce00000)
  from space 22016K, 32% used [0x00000000fea80000,0x00000000ff194180,0x0000000100000000)
  to   space 25600K, 0% used [0x00000000fce00000,0x00000000fce00000,0x00000000fe700000)
 ParOldGen       total 87552K, used 57602K [0x00000000c0000000, 0x00000000c5580000, 0x00000000eab00000)
  object space 87552K, 65% used [0x00000000c0000000,0x00000000c3840b60,0x00000000c5580000)
 Metaspace       used 56264K, capacity 58116K, committed 61184K, reserved 1101824K
  class space    used 7245K, capacity 7496K, committed 8192K, reserved 1048576K
Event: 3555.365 GC heap after
Heap after GC invocations=29 (full 9):
 PSYoungGen      total 320000K, used 0K [0x00000000eab00000, 0x0000000100000000, 0x0000000100000000)
  eden space 297984K, 0% used [0x00000000eab00000,0x00000000eab00000,0x00000000fce00000)
  from space 22016K, 0% used [0x00000000fea80000,0x00000000fea80000,0x0000000100000000)
  to   space 25600K, 0% used [0x00000000fce00000,0x00000000fce00000,0x00000000fe700000)
 ParOldGen       total 87552K, used 45753K [0x00000000c0000000, 0x00000000c5580000, 0x00000000eab00000)
  object space 87552K, 52% used [0x00000000c0000000,0x00000000c2cae710,0x00000000c5580000)
 Metaspace       used 56241K, capacity 58028K, committed 61184K, reserved 1101824K
  class space    used 7238K, capacity 7488K, committed 8192K, reserved 1048576K
}
Event: 4137.756 GC heap before
{Heap before GC invocations=30 (full 9):
 PSYoungGen      total 320000K, used 297984K [0x00000000eab00000, 0x0000000100000000, 0x0000000100000000)
  eden space 297984K, 100% used [0x00000000eab00000,0x00000000fce00000,0x00000000fce00000)
  from space 22016K, 0% used [0x00000000fea80000,0x00000000fea80000,0x0000000100000000)
  to   space 25600K, 0% used [0x00000000fce00000,0x00000000fce00000,0x00000000fe700000)
 ParOldGen       total 87552K, used 45753K [0x00000000c0000000, 0x00000000c5580000, 0x00000000eab00000)
  object space 87552K, 52% used [0x00000000c0000000,0x00000000c2cae710,0x00000000c5580000)
 Metaspace       used 57843K, capacity 60708K, committed 61824K, reserved 1103872K
  class space    used 7561K, capacity 8063K, committed 8320K, reserved 1048576K
Event: 4137.857 GC heap after
Heap after GC invocations=30 (full 9):
 PSYoungGen      total 323584K, used 10392K [0x00000000eab00000, 0x0000000100000000, 0x0000000100000000)
  eden space 297984K, 0% used [0x00000000eab00000,0x00000000eab00000,0x00000000fce00000)
  from space 25600K, 40% used [0x00000000fce00000,0x00000000fd826100,0x00000000fe700000)
  to   space 24576K, 0% used [0x00000000fe800000,0x00000000fe800000,0x0000000100000000)
 ParOldGen       total 87552K, used 45761K [0x00000000c0000000, 0x00000000c5580000, 0x00000000eab00000)
  object space 87552K, 52% used [0x00000000c0000000,0x00000000c2cb0710,0x00000000c5580000)
 Metaspace       used 57843K, capacity 60708K, committed 61824K, reserved 1103872K
  class space    used 7561K, capacity 8063K, committed 8320K, reserved 1048576K
}
Event: 4147.455 GC heap before
{Heap before GC invocations=31 (full 9):
 PSYoungGen      total 323584K, used 123091K [0x00000000eab00000, 0x0000000100000000, 0x0000000100000000)
  eden space 297984K, 37% used [0x00000000eab00000,0x00000000f190eb68,0x00000000fce00000)
  from space 25600K, 40% used [0x00000000fce00000,0x00000000fd826100,0x00000000fe700000)
  to   space 24576K, 0% used [0x00000000fe800000,0x00000000fe800000,0x0000000100000000)
 ParOldGen       total 87552K, used 45761K [0x00000000c0000000, 0x00000000c5580000, 0x00000000eab00000)
  object space 87552K, 52% used [0x00000000c0000000,0x00000000c2cb0710,0x00000000c5580000)
 Metaspace       used 58313K, capacity 61620K, committed 62464K, reserved 1103872K
  class space    used 7628K, capacity 8229K, committed 8448K, reserved 1048576K
Event: 4148.128 GC heap after
Heap after GC invocations=31 (full 9):
 PSYoungGen      total 324608K, used 14160K [0x00000000eab00000, 0x0000000100000000, 0x0000000100000000)
  eden space 300032K, 0% used [0x00000000eab00000,0x00000000eab00000,0x00000000fd000000)
  from space 24576K, 57% used [0x00000000fe800000,0x00000000ff5d4238,0x0000000100000000)
  to   space 24576K, 0% used [0x00000000fd000000,0x00000000fd000000,0x00000000fe800000)
 ParOldGen       total 87552K, used 45769K [0x00000000c0000000, 0x00000000c5580000, 0x00000000eab00000)
  object space 87552K, 52% used [0x00000000c0000000,0x00000000c2cb2710,0x00000000c5580000)
 Metaspace       used 58313K, capacity 61620K, committed 62464K, reserved 1103872K
  class space    used 7628K, capacity 8229K, committed 8448K, reserved 1048576K
}
Event: 4148.128 GC heap before
{Heap before GC invocations=32 (full 10):
 PSYoungGen      total 324608K, used 14160K [0x00000000eab00000, 0x0000000100000000, 0x0000000100000000)
  eden space 300032K, 0% used [0x00000000eab00000,0x00000000eab00000,0x00000000fd000000)
  from space 24576K, 57% used [0x00000000fe800000,0x00000000ff5d4238,0x0000000100000000)
  to   space 24576K, 0% used [0x00000000fd000000,0x00000000fd000000,0x00000000fe800000)
 ParOldGen       total 87552K, used 45769K [0x00000000c0000000, 0x00000000c5580000, 0x00000000eab00000)
  object space 87552K, 52% used [0x00000000c0000000,0x00000000c2cb2710,0x00000000c5580000)
 Metaspace       used 58313K, capacity 61620K, committed 62464K, reserved 1103872K
  class space    used 7628K, capacity 8229K, committed 8448K, reserved 1048576K
Event: 4148.633 GC heap after
Heap after GC invocations=32 (full 10):
 PSYoungGen      total 324608K, used 0K [0x00000000eab00000, 0x0000000100000000, 0x0000000100000000)
  eden space 300032K, 0% used [0x00000000eab00000,0x00000000eab00000,0x00000000fd000000)
  from space 24576K, 0% used [0x00000000fe800000,0x00000000fe800000,0x0000000100000000)
  to   space 24576K, 0% used [0x00000000fd000000,0x00000000fd000000,0x00000000fe800000)
 ParOldGen       total 87552K, used 55981K [0x00000000c0000000, 0x00000000c5580000, 0x00000000eab00000)
  object space 87552K, 63% used [0x00000000c0000000,0x00000000c36ab408,0x00000000c5580000)
 Metaspace       used 58251K, capacity 61488K, committed 62464K, reserved 1103872K
  class space    used 7609K, capacity 8209K, committed 8448K, reserved 1048576K
}
Event: 4184.959 GC heap before
{Heap before GC invocations=33 (full 10):
 PSYoungGen      total 324608K, used 300032K [0x00000000eab00000, 0x0000000100000000, 0x0000000100000000)
  eden space 300032K, 100% used [0x00000000eab00000,0x00000000fd000000,0x00000000fd000000)
  from space 24576K, 0% used [0x00000000fe800000,0x00000000fe800000,0x0000000100000000)
  to   space 24576K, 0% used [0x00000000fd000000,0x00000000fd000000,0x00000000fe800000)
 ParOldGen       total 87552K, used 55981K [0x00000000c0000000, 0x00000000c5580000, 0x00000000eab00000)
  object space 87552K, 63% used [0x00000000c0000000,0x00000000c36ab408,0x00000000c5580000)
 Metaspace       used 58539K, capacity 61834K, committed 62720K, reserved 1103872K
  class space    used 7628K, capacity 8237K, committed 8448K, reserved 1048576K
Event: 4185.166 GC heap after
Heap after GC invocations=33 (full 10):
 PSYoungGen      total 324608K, used 24556K [0x00000000eab00000, 0x0000000100000000, 0x0000000100000000)
  eden space 300032K, 0% used [0x00000000eab00000,0x00000000eab00000,0x00000000fd000000)
  from space 24576K, 99% used [0x00000000fd000000,0x00000000fe7fb378,0x00000000fe800000)
  to   space 24576K, 0% used [0x00000000fe800000,0x00000000fe800000,0x0000000100000000)
 ParOldGen       total 87552K, used 57747K [0x00000000c0000000, 0x00000000c5580000, 0x00000000eab00000)
  object space 87552K, 65% used [0x00000000c0000000,0x00000000c3864c88,0x00000000c5580000)
 Metaspace       used 58539K, capacity 61834K, committed 62720K, reserved 1103872K
  class space    used 7628K, capacity 8237K, committed 8448K, reserved 1048576K
}

