# JRE version: Java(TM) SE Runtime Environment (8.0_65-b17) (build 1.8.0_65-b17)
# Java VM: Java HotSpot(TM) 64-Bit Server VM (25.65-b01 mixed mode windows-amd64 compressed oops)
Heap:
 PSYoungGen      total 185856K, used 38458K [0x00000000eab00000, 0x00000000f7600000, 0x0000000100000000)
  eden space 170496K, 13% used [0x00000000eab00000,0x00000000ec194ce8,0x00000000f5180000)
  from space 15360K, 99% used [0x00000000f6380000,0x00000000f7279e20,0x00000000f7280000)
  to   space 18432K, 0% used [0x00000000f5180000,0x00000000f5180000,0x00000000f6380000)
 ParOldGen       total 51712K, used 28891K [0x00000000c0000000, 0x00000000c3280000, 0x00000000eab00000)
  object space 51712K, 55% used [0x00000000c0000000,0x00000000c1c36d40,0x00000000c3280000)
 Metaspace       used 46952K, capacity 48576K, committed 49792K, reserved 1091584K
  class space    used 6307K, capacity 6595K, committed 7040K, reserved 1048576K
GC Heap History (10 events):
Event: 103.148 GC heap before
{Heap before GC invocations=20 (full 3):
 PSYoungGen      total 152064K, used 138752K [0x00000000eab00000, 0x00000000f4f80000, 0x0000000100000000)
  eden space 138752K, 100% used [0x00000000eab00000,0x00000000f3280000,0x00000000f3280000)
  from space 13312K, 0% used [0x00000000f4080000,0x00000000f4080000,0x00000000f4d80000)
  to   space 14336K, 0% used [0x00000000f3280000,0x00000000f3280000,0x00000000f4080000)
 ParOldGen       total 51712K, used 41305K [0x00000000c0000000, 0x00000000c3280000, 0x00000000eab00000)
  object space 51712K, 79% used [0x00000000c0000000,0x00000000c2856798,0x00000000c3280000)
 Metaspace       used 45881K, capacity 47784K, committed 48128K, reserved 1091584K
  class space    used 6336K, capacity 6800K, committed 6912K, reserved 1048576K
Event: 103.231 GC heap after
Heap after GC invocations=20 (full 3):
 PSYoungGen      total 153088K, used 11340K [0x00000000eab00000, 0x00000000f6680000, 0x0000000100000000)
  eden space 138752K, 0% used [0x00000000eab00000,0x00000000eab00000,0x00000000f3280000)
  from space 14336K, 79% used [0x00000000f3280000,0x00000000f3d932a8,0x00000000f4080000)
  to   space 15872K, 0% used [0x00000000f5700000,0x00000000f5700000,0x00000000f6680000)
 ParOldGen       total 51712K, used 41313K [0x00000000c0000000, 0x00000000c3280000, 0x00000000eab00000)
  object space 51712K, 79% used [0x00000000c0000000,0x00000000c2858798,0x00000000c3280000)
 Metaspace       used 45881K, capacity 47784K, committed 48128K, reserved 1091584K
  class space    used 6336K, capacity 6800K, committed 6912K, reserved 1048576K
}
Event: 2161.688 GC heap before
{Heap before GC invocations=21 (full 3):
 PSYoungGen      total 153088K, used 132083K [0x00000000eab00000, 0x00000000f6680000, 0x0000000100000000)
  eden space 138752K, 87% used [0x00000000eab00000,0x00000000f20e9b58,0x00000000f3280000)
  from space 14336K, 79% used [0x00000000f3280000,0x00000000f3d932a8,0x00000000f4080000)
  to   space 15872K, 0% used [0x00000000f5700000,0x00000000f5700000,0x00000000f6680000)
 ParOldGen       total 51712K, used 41313K [0x00000000c0000000, 0x00000000c3280000, 0x00000000eab00000)
  object space 51712K, 79% used [0x00000000c0000000,0x00000000c2858798,0x00000000c3280000)
 Metaspace       used 47003K, capacity 48960K, committed 49280K, reserved 1091584K
  class space    used 6467K, capacity 6970K, committed 7040K, reserved 1048576K
Event: 2161.805 GC heap after
Heap after GC invocations=21 (full 3):
 PSYoungGen      total 174080K, used 6447K [0x00000000eab00000, 0x00000000f6480000, 0x0000000100000000)
  eden space 160256K, 0% used [0x00000000eab00000,0x00000000eab00000,0x00000000f4780000)
  from space 13824K, 46% used [0x00000000f5700000,0x00000000f5d4bf38,0x00000000f6480000)
  to   space 14848K, 0% used [0x00000000f4780000,0x00000000f4780000,0x00000000f5600000)
 ParOldGen       total 51712K, used 41321K [0x00000000c0000000, 0x00000000c3280000, 0x00000000eab00000)
  object space 51712K, 79% used [0x00000000c0000000,0x00000000c285a798,0x00000000c3280000)
 Metaspace       used 47003K, capacity 48960K, committed 49280K, reserved 1091584K
  class space    used 6467K, capacity 6970K, committed 7040K, reserved 1048576K
}
Event: 2161.815 GC heap before
{Heap before GC invocations=22 (full 4):
 PSYoungGen      total 174080K, used 6447K [0x00000000eab00000, 0x00000000f6480000, 0x0000000100000000)
  eden space 160256K, 0% used [0x00000000eab00000,0x00000000eab00000,0x00000000f4780000)
  from space 13824K, 46% used [0x00000000f5700000,0x00000000f5d4bf38,0x00000000f6480000)
  to   space 14848K, 0% used [0x00000000f4780000,0x00000000f4780000,0x00000000f5600000)
 ParOldGen       total 51712K, used 41321K [0x00000000c0000000, 0x00000000c3280000, 0x00000000eab00000)
  object space 51712K, 79% used [0x00000000c0000000,0x00000000c285a798,0x00000000c3280000)
 Metaspace       used 47003K, capacity 48960K, committed 49280K, reserved 1091584K
  class space    used 6467K, capacity 6970K, committed 7040K, reserved 1048576K
Event: 2167.895 GC heap after
Heap after GC invocations=22 (full 4):
 PSYoungGen      total 174080K, used 0K [0x00000000eab00000, 0x00000000f6480000, 0x0000000100000000)
  eden space 160256K, 0% used [0x00000000eab00000,0x00000000eab00000,0x00000000f4780000)
  from space 13824K, 0% used [0x00000000f5700000,0x00000000f5700000,0x00000000f6480000)
  to   space 14848K, 0% used [0x00000000f4780000,0x00000000f4780000,0x00000000f5600000)
 ParOldGen       total 51712K, used 27118K [0x00000000c0000000, 0x00000000c3280000, 0x00000000eab00000)
  object space 51712K, 52% used [0x00000000c0000000,0x00000000c1a7b9d8,0x00000000c3280000)
 Metaspace       used 45479K, capacity 46558K, committed 49280K, reserved 1091584K
  class space    used 6114K, capacity 6305K, committed 7040K, reserved 1048576K
}
Event: 2216.396 GC heap before
{Heap before GC invocations=23 (full 4):
 PSYoungGen      total 174080K, used 160256K [0x00000000eab00000, 0x00000000f6480000, 0x0000000100000000)
  eden space 160256K, 100% used [0x00000000eab00000,0x00000000f4780000,0x00000000f4780000)
  from space 13824K, 0% used [0x00000000f5700000,0x00000000f5700000,0x00000000f6480000)
  to   space 14848K, 0% used [0x00000000f4780000,0x00000000f4780000,0x00000000f5600000)
 ParOldGen       total 51712K, used 27118K [0x00000000c0000000, 0x00000000c3280000, 0x00000000eab00000)
  object space 51712K, 52% used [0x00000000c0000000,0x00000000c1a7b9d8,0x00000000c3280000)
 Metaspace       used 46213K, capacity 47744K, committed 49280K, reserved 1091584K
  class space    used 6239K, capacity 6491K, committed 7040K, reserved 1048576K
Event: 2216.434 GC heap after
Heap after GC invocations=23 (full 4):
 PSYoungGen      total 175104K, used 10043K [0x00000000eab00000, 0x00000000f7280000, 0x0000000100000000)
  eden space 160256K, 0% used [0x00000000eab00000,0x00000000eab00000,0x00000000f4780000)
  from space 14848K, 67% used [0x00000000f4780000,0x00000000f514eda0,0x00000000f5600000)
  to   space 15360K, 0% used [0x00000000f6380000,0x00000000f6380000,0x00000000f7280000)
 ParOldGen       total 51712K, used 27118K [0x00000000c0000000, 0x00000000c3280000, 0x00000000eab00000)
  object space 51712K, 52% used [0x00000000c0000000,0x00000000c1a7b9d8,0x00000000c3280000)
 Metaspace       used 46213K, capacity 47744K, committed 49280K, reserved 1091584K
  class space    used 6239K, capacity 6491K, committed 7040K, reserved 1048576K
}
Event: 2389.280 GC heap before
{Heap before GC invocations=24 (full 4):
 PSYoungGen      total 175104K, used 170299K [0x00000000eab00000, 0x00000000f7280000, 0x0000000100000000)
  eden space 160256K, 100% used [0x00000000eab00000,0x00000000f4780000,0x00000000f4780000)
  from space 14848K, 67% used [0x00000000f4780000,0x00000000f514eda0,0x00000000f5600000)
  to   space 15360K, 0% used [0x00000000f6380000,0x00000000f6380000,0x00000000f7280000)
 ParOldGen       total 51712K, used 27118K [0x00000000c0000000, 0x00000000c3280000, 0x00000000eab00000)
  object space 51712K, 52% used [0x00000000c0000000,0x00000000c1a7b9d8,0x00000000c3280000)
 Metaspace       used 46892K, capacity 48576K, committed 49792K, reserved 1091584K
  class space    used 6306K, capacity 6595K, committed 7040K, reserved 1048576K
Event: 2389.400 GC heap after
Heap after GC invocations=24 (full 4):
 PSYoungGen      total 185856K, used 15335K [0x00000000eab00000, 0x00000000f7600000, 0x0000000100000000)
  eden space 170496K, 0% used [0x00000000eab00000,0x00000000eab00000,0x00000000f5180000)
  from space 15360K, 99% used [0x00000000f6380000,0x00000000f7279e20,0x00000000f7280000)
  to   space 18432K, 0% used [0x00000000f5180000,0x00000000f5180000,0x00000000f6380000)
 ParOldGen       total 51712K, used 28891K [0x00000000c0000000, 0x00000000c3280000, 0x00000000eab00000)
  object space 51712K, 55% used [0x00000000c0000000,0x00000000c1c36d40,0x00000000c3280000)
 Metaspace       used 46892K, capacity 48576K, committed 49792K, reserved 1091584K
  class space    used 6306K, capacity 6595K, committed 7040K, reserved 1048576K
}

